INFO [2020-11-25 17:44:08] [[1]]
INFO [2020-11-25 17:44:08] venn
INFO [2020-11-25 17:44:08] 
INFO [2020-11-25 17:44:08] $fill
INFO [2020-11-25 17:44:08] c("red", "green")
INFO [2020-11-25 17:44:08] 
INFO [2020-11-25 17:44:08] $alpha
INFO [2020-11-25 17:44:08] c(0.5, 0.5)
INFO [2020-11-25 17:44:08] 
INFO [2020-11-25 17:44:08] $cat.cex
INFO [2020-11-25 17:44:08] [1] 1.5
INFO [2020-11-25 17:44:08] 
INFO [2020-11-25 17:44:08] $cex
INFO [2020-11-25 17:44:08] [1] 1.5
INFO [2020-11-25 17:44:08] 
INFO [2020-11-25 17:44:08] $height
INFO [2020-11-25 17:44:08] [1] 480
INFO [2020-11-25 17:44:08] 
INFO [2020-11-25 17:44:08] $width
INFO [2020-11-25 17:44:08] [1] 480
INFO [2020-11-25 17:44:08] 
INFO [2020-11-25 17:44:08] $filename
INFO [2020-11-25 17:44:08] NULL
INFO [2020-11-25 17:44:08] 
